[0727/181546.930:ERROR:process_reader_win.cc(151)] SuspendThread: Access is denied. (0x5)
[0727/181546.938:ERROR:process_reader_win.cc(151)] SuspendThread: Access is denied. (0x5)
[0727/181546.938:ERROR:process_reader_win.cc(123)] NtOpenThread: An invalid Client ID was specified. (0xc000000b)
[0727/181546.943:ERROR:exception_snapshot_win.cc(98)] thread ID 12084 not found in process
[0727/181547.015:ERROR:process_reader_win.cc(151)] SuspendThread: Access is denied. (0x5)
[0727/181547.016:ERROR:process_reader_win.cc(151)] SuspendThread: Access is denied. (0x5)
[0727/181547.017:ERROR:process_reader_win.cc(151)] SuspendThread: Access is denied. (0x5)
[0727/181547.018:ERROR:process_reader_win.cc(151)] SuspendThread: Access is denied. (0x5)
[0727/181547.039:ERROR:process_reader_win.cc(151)] SuspendThread: Access is denied. (0x5)
[0727/181547.039:ERROR:process_reader_win.cc(151)] SuspendThread: Access is denied. (0x5)
[0727/181547.039:ERROR:process_reader_win.cc(151)] SuspendThread: Access is denied. (0x5)
[0727/181547.039:ERROR:process_reader_win.cc(151)] SuspendThread: Access is denied. (0x5)
[0727/181547.039:ERROR:process_reader_win.cc(151)] SuspendThread: Access is denied. (0x5)
[0727/181547.039:ERROR:process_reader_win.cc(151)] SuspendThread: Access is denied. (0x5)
[0727/181547.040:ERROR:process_reader_win.cc(151)] SuspendThread: Access is denied. (0x5)
[0727/181547.040:ERROR:process_reader_win.cc(123)] NtOpenThread: {Access Denied} A process has requested access to an object, but has not been granted those access rights. (0xc0000022)
[0727/181547.040:ERROR:exception_snapshot_win.cc(98)] thread ID 11092 not found in process
[0727/181547.129:ERROR:process_reader_win.cc(151)] SuspendThread: Access is denied. (0x5)
[0727/181547.130:ERROR:process_reader_win.cc(151)] SuspendThread: Access is denied. (0x5)
[0727/181547.130:ERROR:process_reader_win.cc(151)] SuspendThread: Access is denied. (0x5)
[0727/181547.130:ERROR:process_reader_win.cc(151)] SuspendThread: Access is denied. (0x5)
[0727/181547.130:ERROR:process_reader_win.cc(151)] SuspendThread: Access is denied. (0x5)
[0727/181547.130:ERROR:process_reader_win.cc(151)] SuspendThread: Access is denied. (0x5)
[0727/181547.130:ERROR:process_reader_win.cc(151)] SuspendThread: Access is denied. (0x5)
[0727/181547.130:ERROR:process_reader_win.cc(151)] SuspendThread: Access is denied. (0x5)
[0727/181547.130:ERROR:process_reader_win.cc(151)] SuspendThread: Access is denied. (0x5)
[0727/181547.130:ERROR:process_reader_win.cc(151)] SuspendThread: Access is denied. (0x5)
[0727/181547.130:ERROR:process_reader_win.cc(151)] SuspendThread: Access is denied. (0x5)
[0727/181547.130:ERROR:process_reader_win.cc(151)] SuspendThread: Access is denied. (0x5)
[0727/181547.130:ERROR:process_reader_win.cc(151)] SuspendThread: Access is denied. (0x5)
[0727/181547.138:ERROR:process_reader_win.cc(123)] NtOpenThread: {Access Denied} A process has requested access to an object, but has not been granted those access rights. (0xc0000022)
[0727/181547.138:ERROR:exception_snapshot_win.cc(98)] thread ID 6924 not found in process
[0727/181547.227:ERROR:process_reader_win.cc(151)] SuspendThread: Access is denied. (0x5)
[0727/181547.228:ERROR:process_reader_win.cc(151)] SuspendThread: Access is denied. (0x5)
[0727/181547.228:ERROR:process_reader_win.cc(151)] SuspendThread: Access is denied. (0x5)
[0727/181547.228:ERROR:process_reader_win.cc(151)] SuspendThread: Access is denied. (0x5)
[0727/181547.228:ERROR:process_reader_win.cc(151)] SuspendThread: Access is denied. (0x5)
[0727/181547.228:ERROR:process_reader_win.cc(151)] SuspendThread: Access is denied. (0x5)
[0727/181547.228:ERROR:process_reader_win.cc(151)] SuspendThread: Access is denied. (0x5)
[0727/181547.228:ERROR:process_reader_win.cc(151)] SuspendThread: Access is denied. (0x5)
[0727/181547.228:ERROR:process_reader_win.cc(151)] SuspendThread: Access is denied. (0x5)
[0727/181547.228:ERROR:process_reader_win.cc(151)] SuspendThread: Access is denied. (0x5)
[0727/181547.228:ERROR:process_reader_win.cc(151)] SuspendThread: Access is denied. (0x5)
[0727/181547.228:ERROR:process_reader_win.cc(151)] SuspendThread: Access is denied. (0x5)
[0727/181547.229:ERROR:process_reader_win.cc(151)] SuspendThread: Access is denied. (0x5)
[0727/181547.229:ERROR:process_reader_win.cc(151)] SuspendThread: Access is denied. (0x5)
[0727/181547.229:ERROR:process_reader_win.cc(151)] SuspendThread: Access is denied. (0x5)
[0727/181547.229:ERROR:process_reader_win.cc(151)] SuspendThread: Access is denied. (0x5)
[0727/181547.229:ERROR:process_reader_win.cc(123)] NtOpenThread: {Access Denied} A process has requested access to an object, but has not been granted those access rights. (0xc0000022)
[0727/181547.230:ERROR:exception_snapshot_win.cc(98)] thread ID 4300 not found in process
[0727/181547.248:ERROR:process_reader_win.cc(151)] SuspendThread: Access is denied. (0x5)
[0727/181547.248:ERROR:process_reader_win.cc(151)] SuspendThread: Access is denied. (0x5)
[0727/181547.248:ERROR:process_reader_win.cc(151)] SuspendThread: Access is denied. (0x5)
[0727/181547.248:ERROR:process_reader_win.cc(151)] SuspendThread: Access is denied. (0x5)
[0727/181547.249:ERROR:process_reader_win.cc(151)] SuspendThread: Access is denied. (0x5)
[0727/181547.249:ERROR:process_reader_win.cc(151)] SuspendThread: Access is denied. (0x5)
[0727/181547.249:ERROR:process_reader_win.cc(151)] SuspendThread: Access is denied. (0x5)
[0727/181547.249:ERROR:process_reader_win.cc(151)] SuspendThread: Access is denied. (0x5)
[0727/181547.249:ERROR:process_reader_win.cc(151)] SuspendThread: Access is denied. (0x5)
[0727/181547.249:ERROR:process_reader_win.cc(151)] SuspendThread: Access is denied. (0x5)
[0727/181547.249:ERROR:process_reader_win.cc(151)] SuspendThread: Access is denied. (0x5)
[0727/181547.249:ERROR:exception_snapshot_win.cc(98)] thread ID 608 not found in process
[0727/181547.255:ERROR:process_reader_win.cc(151)] SuspendThread: Access is denied. (0x5)
[0727/181547.255:ERROR:process_reader_win.cc(151)] SuspendThread: Access is denied. (0x5)
[0727/181547.255:ERROR:process_reader_win.cc(151)] SuspendThread: Access is denied. (0x5)
[0727/181547.255:ERROR:process_reader_win.cc(151)] SuspendThread: Access is denied. (0x5)
[0727/181547.256:ERROR:process_reader_win.cc(151)] SuspendThread: Access is denied. (0x5)
[0727/181547.256:ERROR:process_reader_win.cc(151)] SuspendThread: Access is denied. (0x5)
[0727/181547.256:ERROR:process_reader_win.cc(151)] SuspendThread: Access is denied. (0x5)
[0727/181547.256:ERROR:process_reader_win.cc(151)] SuspendThread: Access is denied. (0x5)
[0727/181547.256:ERROR:process_reader_win.cc(151)] SuspendThread: Access is denied. (0x5)
[0727/181547.256:ERROR:process_reader_win.cc(151)] SuspendThread: Access is denied. (0x5)
[0727/181547.257:ERROR:process_reader_win.cc(151)] SuspendThread: Access is denied. (0x5)
[0727/181547.257:ERROR:process_reader_win.cc(151)] SuspendThread: Access is denied. (0x5)
[0727/181547.257:ERROR:process_reader_win.cc(151)] SuspendThread: Access is denied. (0x5)
[0727/181547.257:ERROR:exception_snapshot_win.cc(98)] thread ID 5716 not found in process
[0727/181547.511:ERROR:process_reader_win.cc(151)] SuspendThread: Access is denied. (0x5)
[0727/181547.512:ERROR:exception_snapshot_win.cc(98)] thread ID 11556 not found in process
[1229/095605.060:ERROR:directory_reader_win.cc(43)] FindFirstFile: The system cannot find the path specified. (0x3)
